{"C:\\Users\\vinic\\Documents\\GitHub\\todosganham\\packages\\backend-api\\src\\controllers\\authController.ts": {"path":"C:\\Users\\vinic\\Documents\\GitHub\\todosganham\\packages\\backend-api\\src\\controllers\\authController.ts","statementMap":{"0":{"start":{"line":5,"column":0},"end":{"line":5,"column":30}},"1":{"start":{"line":6,"column":0},"end":{"line":6,"column":28}},"2":{"start":{"line":7,"column":0},"end":{"line":7,"column":31}},"3":{"start":{"line":8,"column":0},"end":{"line":8,"column":47}},"4":{"start":{"line":9,"column":0},"end":{"line":9,"column":49}},"5":{"start":{"line":17,"column":24},"end":{"line":52,"column":1}},"6":{"start":{"line":30,"column":6},"end":{"line":30,"column":14}},"7":{"start":{"line":31,"column":22},"end":{"line":31,"column":55}},"8":{"start":{"line":32,"column":2},"end":{"line":34,"column":3}},"9":{"start":{"line":33,"column":4},"end":{"line":33,"column":49}},"10":{"start":{"line":36,"column":23},"end":{"line":36,"column":54}},"11":{"start":{"line":38,"column":15},"end":{"line":48,"column":4}},"12":{"start":{"line":50,"column":2},"end":{"line":50,"column":14}},"13":{"start":{"line":51,"column":2},"end":{"line":51,"column":43}},"14":{"start":{"line":17,"column":13},"end":{"line":17,"column":24}},"15":{"start":{"line":60,"column":21},"end":{"line":77,"column":1}},"16":{"start":{"line":65,"column":15},"end":{"line":65,"column":49}},"17":{"start":{"line":66,"column":2},"end":{"line":68,"column":3}},"18":{"start":{"line":67,"column":4},"end":{"line":67,"column":47}},"19":{"start":{"line":69,"column":26},"end":{"line":69,"column":75}},"20":{"start":{"line":70,"column":2},"end":{"line":72,"column":3}},"21":{"start":{"line":71,"column":4},"end":{"line":71,"column":47}},"22":{"start":{"line":73,"column":16},"end":{"line":75,"column":4}},"23":{"start":{"line":76,"column":2},"end":{"line":76,"column":25}},"24":{"start":{"line":60,"column":13},"end":{"line":60,"column":21}},"25":{"start":{"line":83,"column":38},"end":{"line":95,"column":1}},"26":{"start":{"line":84,"column":15},"end":{"line":84,"column":49}},"27":{"start":{"line":85,"column":2},"end":{"line":94,"column":3}},"28":{"start":{"line":86,"column":23},"end":{"line":86,"column":61}},"29":{"start":{"line":87,"column":27},"end":{"line":87,"column":60}},"30":{"start":{"line":88,"column":30},"end":{"line":88,"column":60}},"31":{"start":{"line":90,"column":4},"end":{"line":92,"column":7}},"32":{"start":{"line":93,"column":4},"end":{"line":93,"column":65}},"33":{"start":{"line":83,"column":13},"end":{"line":83,"column":38}},"34":{"start":{"line":102,"column":29},"end":{"line":142,"column":1}},"35":{"start":{"line":107,"column":15},"end":{"line":107,"column":49}},"36":{"start":{"line":109,"column":2},"end":{"line":111,"column":3}},"37":{"start":{"line":110,"column":4},"end":{"line":110,"column":45}},"38":{"start":{"line":113,"column":2},"end":{"line":115,"column":3}},"39":{"start":{"line":114,"column":4},"end":{"line":114,"column":38}},"40":{"start":{"line":117,"column":23},"end":{"line":117,"column":71}},"41":{"start":{"line":119,"column":2},"end":{"line":121,"column":3}},"42":{"start":{"line":120,"column":4},"end":{"line":120,"column":38}},"43":{"start":{"line":123,"column":2},"end":{"line":125,"column":3}},"44":{"start":{"line":124,"column":4},"end":{"line":124,"column":38}},"45":{"start":{"line":127,"column":25},"end":{"line":127,"column":77}},"46":{"start":{"line":129,"column":2},"end":{"line":131,"column":3}},"47":{"start":{"line":130,"column":4},"end":{"line":130,"column":68}},"48":{"start":{"line":133,"column":23},"end":{"line":133,"column":57}},"49":{"start":{"line":135,"column":2},"end":{"line":141,"column":4}},"50":{"start":{"line":102,"column":13},"end":{"line":102,"column":29}},"51":{"start":{"line":149,"column":26},"end":{"line":152,"column":1}},"52":{"start":{"line":150,"column":17},"end":{"line":150,"column":50}},"53":{"start":{"line":151,"column":2},"end":{"line":151,"column":16}},"54":{"start":{"line":149,"column":13},"end":{"line":149,"column":26}}},"fnMap":{"0":{"name":"(anonymous_1)","decl":{"start":{"line":17,"column":24},"end":{"line":17,"column":29}},"loc":{"start":{"line":19,"column":20},"end":{"line":52,"column":1}}},"1":{"name":"(anonymous_2)","decl":{"start":{"line":60,"column":21},"end":{"line":60,"column":26}},"loc":{"start":{"line":64,"column":4},"end":{"line":77,"column":1}}},"2":{"name":"(anonymous_3)","decl":{"start":{"line":83,"column":38},"end":{"line":83,"column":43}},"loc":{"start":{"line":83,"column":77},"end":{"line":95,"column":1}}},"3":{"name":"(anonymous_4)","decl":{"start":{"line":102,"column":29},"end":{"line":102,"column":34}},"loc":{"start":{"line":106,"column":19},"end":{"line":142,"column":1}}},"4":{"name":"(anonymous_5)","decl":{"start":{"line":149,"column":26},"end":{"line":149,"column":31}},"loc":{"start":{"line":149,"column":50},"end":{"line":152,"column":1}}}},"branchMap":{"0":{"loc":{"start":{"line":32,"column":2},"end":{"line":34,"column":3}},"type":"if","locations":[{"start":{"line":32,"column":2},"end":{"line":34,"column":3}}]},"1":{"loc":{"start":{"line":66,"column":2},"end":{"line":68,"column":3}},"type":"if","locations":[{"start":{"line":66,"column":2},"end":{"line":68,"column":3}}]},"2":{"loc":{"start":{"line":70,"column":2},"end":{"line":72,"column":3}},"type":"if","locations":[{"start":{"line":70,"column":2},"end":{"line":72,"column":3}}]},"3":{"loc":{"start":{"line":74,"column":15},"end":{"line":74,"column":39}},"type":"cond-expr","locations":[{"start":{"line":74,"column":26},"end":{"line":74,"column":31}},{"start":{"line":74,"column":34},"end":{"line":74,"column":39}}]},"4":{"loc":{"start":{"line":85,"column":2},"end":{"line":94,"column":3}},"type":"if","locations":[{"start":{"line":85,"column":2},"end":{"line":94,"column":3}}]},"5":{"loc":{"start":{"line":109,"column":2},"end":{"line":111,"column":3}},"type":"if","locations":[{"start":{"line":109,"column":2},"end":{"line":111,"column":3}}]},"6":{"loc":{"start":{"line":113,"column":2},"end":{"line":115,"column":3}},"type":"if","locations":[{"start":{"line":113,"column":2},"end":{"line":115,"column":3}}]},"7":{"loc":{"start":{"line":113,"column":6},"end":{"line":113,"column":53}},"type":"binary-expr","locations":[{"start":{"line":113,"column":6},"end":{"line":113,"column":29}},{"start":{"line":113,"column":33},"end":{"line":113,"column":53}}]},"8":{"loc":{"start":{"line":119,"column":2},"end":{"line":121,"column":3}},"type":"if","locations":[{"start":{"line":119,"column":2},"end":{"line":121,"column":3}}]},"9":{"loc":{"start":{"line":123,"column":2},"end":{"line":125,"column":3}},"type":"if","locations":[{"start":{"line":123,"column":2},"end":{"line":125,"column":3}}]},"10":{"loc":{"start":{"line":129,"column":2},"end":{"line":131,"column":3}},"type":"if","locations":[{"start":{"line":129,"column":2},"end":{"line":131,"column":3}}]}},"s":{"0":1,"1":1,"2":1,"3":1,"4":1,"5":1,"6":0,"7":0,"8":0,"9":0,"10":0,"11":0,"12":0,"13":0,"14":1,"15":1,"16":0,"17":0,"18":0,"19":0,"20":0,"21":0,"22":0,"23":0,"24":1,"25":1,"26":0,"27":0,"28":0,"29":0,"30":0,"31":0,"32":0,"33":1,"34":1,"35":0,"36":0,"37":0,"38":0,"39":0,"40":0,"41":0,"42":0,"43":0,"44":0,"45":0,"46":0,"47":0,"48":0,"49":0,"50":1,"51":1,"52":0,"53":0,"54":1},"f":{"0":0,"1":0,"2":0,"3":0,"4":0},"b":{"0":[0],"1":[0],"2":[0],"3":[0,0],"4":[0],"5":[0],"6":[0],"7":[0,0],"8":[0],"9":[0],"10":[0]}}
,"C:\\Users\\vinic\\Documents\\GitHub\\todosganham\\packages\\backend-api\\src\\controllers\\professionController.ts": {"path":"C:\\Users\\vinic\\Documents\\GitHub\\todosganham\\packages\\backend-api\\src\\controllers\\professionController.ts","statementMap":{"0":{"start":{"line":1,"column":0},"end":{"line":1,"column":65}},"1":{"start":{"line":3,"column":33},"end":{"line":5,"column":1}},"2":{"start":{"line":4,"column":2},"end":{"line":4,"column":38}},"3":{"start":{"line":3,"column":13},"end":{"line":3,"column":33}}},"fnMap":{"0":{"name":"(anonymous_0)","decl":{"start":{"line":3,"column":33},"end":{"line":3,"column":38}},"loc":{"start":{"line":3,"column":68},"end":{"line":5,"column":1}}}},"branchMap":{},"s":{"0":1,"1":1,"2":0,"3":1},"f":{"0":0},"b":{}}
,"C:\\Users\\vinic\\Documents\\GitHub\\todosganham\\packages\\backend-api\\src\\controllers\\supplyTypeController.ts": {"path":"C:\\Users\\vinic\\Documents\\GitHub\\todosganham\\packages\\backend-api\\src\\controllers\\supplyTypeController.ts","statementMap":{"0":{"start":{"line":1,"column":0},"end":{"line":1,"column":65}},"1":{"start":{"line":3,"column":33},"end":{"line":5,"column":1}},"2":{"start":{"line":4,"column":2},"end":{"line":4,"column":38}},"3":{"start":{"line":3,"column":13},"end":{"line":3,"column":33}},"4":{"start":{"line":7,"column":32},"end":{"line":12,"column":1}},"5":{"start":{"line":10,"column":15},"end":{"line":10,"column":57}},"6":{"start":{"line":11,"column":2},"end":{"line":11,"column":27}},"7":{"start":{"line":7,"column":13},"end":{"line":7,"column":32}}},"fnMap":{"0":{"name":"(anonymous_0)","decl":{"start":{"line":3,"column":33},"end":{"line":3,"column":38}},"loc":{"start":{"line":3,"column":68},"end":{"line":5,"column":1}}},"1":{"name":"(anonymous_1)","decl":{"start":{"line":7,"column":32},"end":{"line":7,"column":37}},"loc":{"start":{"line":9,"column":26},"end":{"line":12,"column":1}}}},"branchMap":{},"s":{"0":1,"1":1,"2":0,"3":1,"4":1,"5":0,"6":0,"7":1},"f":{"0":0,"1":0},"b":{}}
,"C:\\Users\\vinic\\Documents\\GitHub\\todosganham\\packages\\backend-api\\src\\models\\profession.ts": {"path":"C:\\Users\\vinic\\Documents\\GitHub\\todosganham\\packages\\backend-api\\src\\models\\profession.ts","statementMap":{"0":{"start":{"line":5,"column":0},"end":{"line":5,"column":46}},"1":{"start":{"line":11,"column":25},"end":{"line":15,"column":null}},"2":{"start":{"line":18,"column":13},"end":{"line":20,"column":62}}},"fnMap":{},"branchMap":{"0":{"loc":{"start":{"line":19,"column":2},"end":{"line":20,"column":61}},"type":"binary-expr","locations":[{"start":{"line":19,"column":2},"end":{"line":19,"column":28}},{"start":{"line":20,"column":2},"end":{"line":20,"column":61}}]}},"s":{"0":1,"1":1,"2":1},"f":{},"b":{"0":[1,1]}}
,"C:\\Users\\vinic\\Documents\\GitHub\\todosganham\\packages\\backend-api\\src\\models\\supplyType.ts": {"path":"C:\\Users\\vinic\\Documents\\GitHub\\todosganham\\packages\\backend-api\\src\\models\\supplyType.ts","statementMap":{"0":{"start":{"line":1,"column":0},"end":{"line":1,"column":46}},"1":{"start":{"line":7,"column":25},"end":{"line":11,"column":null}},"2":{"start":{"line":14,"column":13},"end":{"line":16,"column":62}}},"fnMap":{},"branchMap":{"0":{"loc":{"start":{"line":15,"column":2},"end":{"line":16,"column":61}},"type":"binary-expr","locations":[{"start":{"line":15,"column":2},"end":{"line":15,"column":28}},{"start":{"line":16,"column":2},"end":{"line":16,"column":61}}]}},"s":{"0":1,"1":1,"2":1},"f":{},"b":{"0":[1,1]}}
,"C:\\Users\\vinic\\Documents\\GitHub\\todosganham\\packages\\backend-api\\src\\models\\user.ts": {"path":"C:\\Users\\vinic\\Documents\\GitHub\\todosganham\\packages\\backend-api\\src\\models\\user.ts","statementMap":{"0":{"start":{"line":7,"column":0},"end":{"line":7,"column":46}},"1":{"start":{"line":41,"column":19},"end":{"line":106,"column":2}},"2":{"start":{"line":48,"column":8},"end":{"line":48,"column":77}},"3":{"start":{"line":75,"column":36},"end":{"line":75,"column":73}},"4":{"start":{"line":83,"column":33},"end":{"line":83,"column":50}},"5":{"start":{"line":115,"column":13},"end":{"line":116,"column":68}}},"fnMap":{"0":{"name":"(anonymous_1)","decl":{"start":{"line":47,"column":17},"end":{"line":47,"column":27}},"loc":{"start":{"line":47,"column":40},"end":{"line":49,"column":7}}},"1":{"name":"(anonymous_2)","decl":{"start":{"line":75,"column":17},"end":{"line":75,"column":18}},"loc":{"start":{"line":75,"column":36},"end":{"line":75,"column":73}}},"2":{"name":"(anonymous_3)","decl":{"start":{"line":83,"column":17},"end":{"line":83,"column":18}},"loc":{"start":{"line":83,"column":33},"end":{"line":83,"column":50}}}},"branchMap":{"0":{"loc":{"start":{"line":116,"column":2},"end":{"line":116,"column":67}},"type":"binary-expr","locations":[{"start":{"line":116,"column":2},"end":{"line":116,"column":22}},{"start":{"line":116,"column":26},"end":{"line":116,"column":67}}]}},"s":{"0":1,"1":1,"2":0,"3":0,"4":0,"5":1},"f":{"0":0,"1":0,"2":0},"b":{"0":[1,1]}}
,"C:\\Users\\vinic\\Documents\\GitHub\\todosganham\\packages\\backend-api\\src\\routes\\auth\\handlers.ts": {"path":"C:\\Users\\vinic\\Documents\\GitHub\\todosganham\\packages\\backend-api\\src\\routes\\auth\\handlers.ts","statementMap":{"0":{"start":{"line":39,"column":0},"end":{"line":39,"column":7}},"1":{"start":{"line":56,"column":0},"end":{"line":56,"column":7}},"2":{"start":{"line":80,"column":0},"end":{"line":80,"column":7}},"3":{"start":{"line":97,"column":0},"end":{"line":97,"column":7}},"4":{"start":{"line":7,"column":0},"end":{"line":7,"column":null}},"5":{"start":{"line":26,"column":14},"end":{"line":26,"column":52}},"6":{"start":{"line":27,"column":22},"end":{"line":34,"column":1}},"7":{"start":{"line":28,"column":21},"end":{"line":30,"column":54}},"8":{"start":{"line":31,"column":2},"end":{"line":33,"column":3}},"9":{"start":{"line":32,"column":4},"end":{"line":32,"column":40}},"10":{"start":{"line":43,"column":2},"end":{"line":50,"column":3}},"11":{"start":{"line":44,"column":42},"end":{"line":44,"column":54}},"12":{"start":{"line":45,"column":4},"end":{"line":45,"column":25}},"13":{"start":{"line":46,"column":28},"end":{"line":46,"column":75}},"14":{"start":{"line":47,"column":4},"end":{"line":47,"column":42}},"15":{"start":{"line":49,"column":4},"end":{"line":49,"column":51}},"16":{"start":{"line":60,"column":2},"end":{"line":72,"column":3}},"17":{"start":{"line":61,"column":22},"end":{"line":61,"column":34}},"18":{"start":{"line":62,"column":4},"end":{"line":62,"column":25}},"19":{"start":{"line":63,"column":24},"end":{"line":63,"column":47}},"20":{"start":{"line":64,"column":4},"end":{"line":67,"column":5}},"21":{"start":{"line":65,"column":6},"end":{"line":65,"column":67}},"22":{"start":{"line":66,"column":6},"end":{"line":66,"column":51}},"23":{"start":{"line":68,"column":17},"end":{"line":68,"column":45}},"24":{"start":{"line":69,"column":4},"end":{"line":69,"column":31}},"25":{"start":{"line":71,"column":4},"end":{"line":71,"column":51}},"26":{"start":{"line":84,"column":2},"end":{"line":94,"column":3}},"27":{"start":{"line":85,"column":22},"end":{"line":85,"column":34}},"28":{"start":{"line":88,"column":4},"end":{"line":88,"column":40}},"29":{"start":{"line":89,"column":4},"end":{"line":91,"column":7}},"30":{"start":{"line":93,"column":4},"end":{"line":93,"column":51}},"31":{"start":{"line":101,"column":2},"end":{"line":124,"column":3}},"32":{"start":{"line":102,"column":42},"end":{"line":102,"column":54}},"33":{"start":{"line":103,"column":4},"end":{"line":103,"column":51}},"34":{"start":{"line":104,"column":4},"end":{"line":104,"column":27}},"35":{"start":{"line":107,"column":18},"end":{"line":107,"column":31}},"36":{"start":{"line":108,"column":4},"end":{"line":120,"column":5}},"37":{"start":{"line":110,"column":8},"end":{"line":110,"column":21}},"38":{"start":{"line":111,"column":8},"end":{"line":111,"column":68}},"39":{"start":{"line":112,"column":8},"end":{"line":112,"column":14}},"40":{"start":{"line":116,"column":8},"end":{"line":116,"column":21}},"41":{"start":{"line":117,"column":8},"end":{"line":117,"column":14}},"42":{"start":{"line":119,"column":8},"end":{"line":119,"column":21}},"43":{"start":{"line":121,"column":4},"end":{"line":123,"column":7}}},"fnMap":{"0":{"name":"(anonymous_0)","decl":{"start":{"line":27,"column":22},"end":{"line":27,"column":23}},"loc":{"start":{"line":27,"column":40},"end":{"line":34,"column":1}}},"1":{"name":"loginHandler","decl":{"start":{"line":39,"column":22},"end":{"line":39,"column":34}},"loc":{"start":{"line":41,"column":21},"end":{"line":51,"column":1}}},"2":{"name":"registerHandler","decl":{"start":{"line":56,"column":22},"end":{"line":56,"column":37}},"loc":{"start":{"line":58,"column":21},"end":{"line":73,"column":1}}},"3":{"name":"forgotPasswordHandler","decl":{"start":{"line":80,"column":22},"end":{"line":80,"column":43}},"loc":{"start":{"line":82,"column":21},"end":{"line":95,"column":1}}},"4":{"name":"resetPasswordHandler","decl":{"start":{"line":97,"column":22},"end":{"line":97,"column":42}},"loc":{"start":{"line":99,"column":21},"end":{"line":125,"column":1}}}},"branchMap":{"0":{"loc":{"start":{"line":28,"column":21},"end":{"line":30,"column":54}},"type":"cond-expr","locations":[{"start":{"line":29,"column":6},"end":{"line":29,"column":74}},{"start":{"line":30,"column":6},"end":{"line":30,"column":54}}]},"1":{"loc":{"start":{"line":31,"column":2},"end":{"line":33,"column":3}},"type":"if","locations":[{"start":{"line":31,"column":2},"end":{"line":33,"column":3}}]},"2":{"loc":{"start":{"line":46,"column":57},"end":{"line":46,"column":74}},"type":"binary-expr","locations":[{"start":{"line":46,"column":57},"end":{"line":46,"column":65}},{"start":{"line":46,"column":69},"end":{"line":46,"column":74}}]},"3":{"loc":{"start":{"line":64,"column":4},"end":{"line":67,"column":5}},"type":"if","locations":[{"start":{"line":64,"column":4},"end":{"line":67,"column":5}}]},"4":{"loc":{"start":{"line":108,"column":4},"end":{"line":120,"column":5}},"type":"switch","locations":[{"start":{"line":109,"column":6},"end":{"line":112,"column":14}},{"start":{"line":113,"column":6},"end":{"line":113,"column":28}},{"start":{"line":114,"column":6},"end":{"line":114,"column":28}},{"start":{"line":115,"column":6},"end":{"line":117,"column":14}},{"start":{"line":118,"column":6},"end":{"line":119,"column":21}}]}},"s":{"0":1,"1":1,"2":1,"3":1,"4":1,"5":1,"6":1,"7":3,"8":3,"9":0,"10":1,"11":1,"12":1,"13":1,"14":1,"15":0,"16":2,"17":2,"18":2,"19":2,"20":2,"21":0,"22":0,"23":2,"24":1,"25":1,"26":1,"27":1,"28":1,"29":1,"30":0,"31":1,"32":1,"33":1,"34":1,"35":0,"36":0,"37":0,"38":0,"39":0,"40":0,"41":0,"42":0,"43":0},"f":{"0":3,"1":1,"2":2,"3":1,"4":1},"b":{"0":[0,3],"1":[0],"2":[1,1],"3":[0],"4":[0,0,0,0,0]}}
,"C:\\Users\\vinic\\Documents\\GitHub\\todosganham\\packages\\backend-api\\src\\routes\\professions\\handlers.ts": {"path":"C:\\Users\\vinic\\Documents\\GitHub\\todosganham\\packages\\backend-api\\src\\routes\\professions\\handlers.ts","statementMap":{"0":{"start":{"line":2,"column":0},"end":{"line":2,"column":69}},"1":{"start":{"line":4,"column":37},"end":{"line":10,"column":1}},"2":{"start":{"line":8,"column":22},"end":{"line":8,"column":47}},"3":{"start":{"line":9,"column":2},"end":{"line":9,"column":26}},"4":{"start":{"line":4,"column":13},"end":{"line":4,"column":37}}},"fnMap":{"0":{"name":"(anonymous_0)","decl":{"start":{"line":4,"column":37},"end":{"line":4,"column":42}},"loc":{"start":{"line":7,"column":4},"end":{"line":10,"column":1}}}},"branchMap":{},"s":{"0":1,"1":1,"2":0,"3":0,"4":1},"f":{"0":0},"b":{}}
,"C:\\Users\\vinic\\Documents\\GitHub\\todosganham\\packages\\backend-api\\src\\routes\\supplyTypes\\handlers.ts": {"path":"C:\\Users\\vinic\\Documents\\GitHub\\todosganham\\packages\\backend-api\\src\\routes\\supplyTypes\\handlers.ts","statementMap":{"0":{"start":{"line":2,"column":0},"end":{"line":2,"column":null}},"1":{"start":{"line":8,"column":37},"end":{"line":14,"column":1}},"2":{"start":{"line":12,"column":22},"end":{"line":12,"column":47}},"3":{"start":{"line":13,"column":2},"end":{"line":13,"column":58}},"4":{"start":{"line":8,"column":13},"end":{"line":8,"column":37}},"5":{"start":{"line":16,"column":39},"end":{"line":22,"column":1}},"6":{"start":{"line":20,"column":21},"end":{"line":20,"column":57}},"7":{"start":{"line":21,"column":2},"end":{"line":21,"column":35}},"8":{"start":{"line":16,"column":13},"end":{"line":16,"column":39}}},"fnMap":{"0":{"name":"(anonymous_0)","decl":{"start":{"line":8,"column":37},"end":{"line":8,"column":42}},"loc":{"start":{"line":11,"column":4},"end":{"line":14,"column":1}}},"1":{"name":"(anonymous_1)","decl":{"start":{"line":16,"column":39},"end":{"line":16,"column":44}},"loc":{"start":{"line":19,"column":4},"end":{"line":22,"column":1}}}},"branchMap":{},"s":{"0":1,"1":1,"2":0,"3":0,"4":1,"5":1,"6":1,"7":1,"8":1},"f":{"0":0,"1":1},"b":{}}
,"C:\\Users\\vinic\\Documents\\GitHub\\todosganham\\packages\\backend-api\\src\\services\\emailService.ts": {"path":"C:\\Users\\vinic\\Documents\\GitHub\\todosganham\\packages\\backend-api\\src\\services\\emailService.ts","statementMap":{"0":{"start":{"line":7,"column":0},"end":{"line":7,"column":36}},"1":{"start":{"line":8,"column":0},"end":{"line":8,"column":62}},"2":{"start":{"line":9,"column":0},"end":{"line":9,"column":66}},"3":{"start":{"line":17,"column":4},"end":{"line":17,"column":44}},"4":{"start":{"line":18,"column":4},"end":{"line":25,"column":7}},"5":{"start":{"line":29,"column":25},"end":{"line":30,"column":11}},"6":{"start":{"line":32,"column":19},"end":{"line":37,"column":6}},"7":{"start":{"line":39,"column":4},"end":{"line":45,"column":7}},"8":{"start":{"line":40,"column":6},"end":{"line":44,"column":7}},"9":{"start":{"line":41,"column":8},"end":{"line":41,"column":39}},"10":{"start":{"line":43,"column":8},"end":{"line":43,"column":52}},"11":{"start":{"line":49,"column":21},"end":{"line":49,"column":46}},"12":{"start":{"line":50,"column":18},"end":{"line":50,"column":55}},"13":{"start":{"line":51,"column":22},"end":{"line":51,"column":78}},"14":{"start":{"line":53,"column":19},"end":{"line":58,"column":6}},"15":{"start":{"line":60,"column":4},"end":{"line":66,"column":7}},"16":{"start":{"line":61,"column":6},"end":{"line":65,"column":7}},"17":{"start":{"line":62,"column":8},"end":{"line":62,"column":39}},"18":{"start":{"line":64,"column":8},"end":{"line":64,"column":52}},"19":{"start":{"line":70,"column":21},"end":{"line":70,"column":39}},"20":{"start":{"line":71,"column":0},"end":{"line":71,"column":28}}},"fnMap":{"0":{"name":"(anonymous_1)","decl":{"start":{"line":14,"column":2},"end":{"line":14,"column":17}},"loc":{"start":{"line":14,"column":2},"end":{"line":14,"column":18}}},"1":{"name":"(anonymous_2)","decl":{"start":{"line":16,"column":9},"end":{"line":16,"column":15}},"loc":{"start":{"line":16,"column":15},"end":{"line":26,"column":3}}},"2":{"name":"(anonymous_3)","decl":{"start":{"line":28,"column":2},"end":{"line":28,"column":7}},"loc":{"start":{"line":28,"column":66},"end":{"line":46,"column":3}}},"3":{"name":"(anonymous_4)","decl":{"start":{"line":39,"column":38},"end":{"line":39,"column":39}},"loc":{"start":{"line":39,"column":54},"end":{"line":45,"column":5}}},"4":{"name":"(anonymous_5)","decl":{"start":{"line":48,"column":2},"end":{"line":48,"column":7}},"loc":{"start":{"line":48,"column":59},"end":{"line":67,"column":3}}},"5":{"name":"(anonymous_6)","decl":{"start":{"line":60,"column":38},"end":{"line":60,"column":39}},"loc":{"start":{"line":60,"column":54},"end":{"line":66,"column":5}}}},"branchMap":{"0":{"loc":{"start":{"line":40,"column":6},"end":{"line":44,"column":7}},"type":"if","locations":[{"start":{"line":40,"column":6},"end":{"line":44,"column":7}},{"start":{"line":42,"column":13},"end":{"line":44,"column":7}}]},"1":{"loc":{"start":{"line":61,"column":6},"end":{"line":65,"column":7}},"type":"if","locations":[{"start":{"line":61,"column":6},"end":{"line":65,"column":7}},{"start":{"line":63,"column":13},"end":{"line":65,"column":7}}]}},"s":{"0":1,"1":1,"2":1,"3":0,"4":0,"5":0,"6":0,"7":0,"8":0,"9":0,"10":0,"11":0,"12":0,"13":0,"14":0,"15":0,"16":0,"17":0,"18":0,"19":1,"20":1},"f":{"0":1,"1":0,"2":0,"3":0,"4":0,"5":0},"b":{"0":[0,0],"1":[0,0]}}
,"C:\\Users\\vinic\\Documents\\GitHub\\todosganham\\packages\\backend-api\\src\\templates\\email\\passwordReset.ts": {"path":"C:\\Users\\vinic\\Documents\\GitHub\\todosganham\\packages\\backend-api\\src\\templates\\email\\passwordReset.ts","statementMap":{"0":{"start":{"line":1,"column":0},"end":{"line":1,"column":25}},"1":{"start":{"line":2,"column":2},"end":{"line":8,"column":4}}},"fnMap":{"0":{"name":"default_1","decl":{"start":{"line":1,"column":0},"end":{"line":1,"column":25}},"loc":{"start":{"line":1,"column":37},"end":{"line":9,"column":1}}}},"branchMap":{},"s":{"0":1,"1":0},"f":{"0":0},"b":{}}
,"C:\\Users\\vinic\\Documents\\GitHub\\todosganham\\packages\\backend-api\\src\\templates\\email\\registerConfirm.ts": {"path":"C:\\Users\\vinic\\Documents\\GitHub\\todosganham\\packages\\backend-api\\src\\templates\\email\\registerConfirm.ts","statementMap":{"0":{"start":{"line":1,"column":0},"end":{"line":1,"column":25}},"1":{"start":{"line":2,"column":2},"end":{"line":8,"column":4}}},"fnMap":{"0":{"name":"default_1","decl":{"start":{"line":1,"column":0},"end":{"line":1,"column":25}},"loc":{"start":{"line":1,"column":37},"end":{"line":9,"column":1}}}},"branchMap":{},"s":{"0":1,"1":0},"f":{"0":0},"b":{}}
}
