TN:
SF:src\controllers\authController.ts
FN:17,(anonymous_1)
FN:60,(anonymous_2)
FN:83,(anonymous_3)
FN:102,(anonymous_4)
FN:149,(anonymous_5)
FNF:5
FNH:0
FNDA:0,(anonymous_1)
FNDA:0,(anonymous_2)
FNDA:0,(anonymous_3)
FNDA:0,(anonymous_4)
FNDA:0,(anonymous_5)
DA:5,1
DA:6,1
DA:7,1
DA:8,1
DA:9,1
DA:17,1
DA:30,0
DA:31,0
DA:32,0
DA:33,0
DA:36,0
DA:38,0
DA:50,0
DA:51,0
DA:60,1
DA:65,0
DA:66,0
DA:67,0
DA:69,0
DA:70,0
DA:71,0
DA:73,0
DA:76,0
DA:83,1
DA:84,0
DA:85,0
DA:86,0
DA:87,0
DA:88,0
DA:90,0
DA:93,0
DA:102,1
DA:107,0
DA:109,0
DA:110,0
DA:113,0
DA:114,0
DA:117,0
DA:119,0
DA:120,0
DA:123,0
DA:124,0
DA:127,0
DA:129,0
DA:130,0
DA:133,0
DA:135,0
DA:149,1
DA:150,0
DA:151,0
LF:50
LH:10
BRDA:32,0,0,0
BRDA:66,1,0,0
BRDA:70,2,0,0
BRDA:74,3,0,0
BRDA:74,3,1,0
BRDA:85,4,0,0
BRDA:109,5,0,0
BRDA:113,6,0,0
BRDA:113,7,0,0
BRDA:113,7,1,0
BRDA:119,8,0,0
BRDA:123,9,0,0
BRDA:129,10,0,0
BRF:13
BRH:0
end_of_record
TN:
SF:src\controllers\professionController.ts
FN:3,(anonymous_0)
FNF:1
FNH:0
FNDA:0,(anonymous_0)
DA:1,1
DA:3,1
DA:4,0
LF:3
LH:2
BRF:0
BRH:0
end_of_record
TN:
SF:src\controllers\supplyTypeController.ts
FN:3,(anonymous_0)
FN:7,(anonymous_1)
FNF:2
FNH:0
FNDA:0,(anonymous_0)
FNDA:0,(anonymous_1)
DA:1,1
DA:3,1
DA:4,0
DA:7,1
DA:10,0
DA:11,0
LF:6
LH:3
BRF:0
BRH:0
end_of_record
TN:
SF:src\models\profession.ts
FNF:0
FNH:0
DA:5,1
DA:11,1
DA:18,1
LF:3
LH:3
BRDA:19,0,0,1
BRDA:19,0,1,1
BRF:2
BRH:2
end_of_record
TN:
SF:src\models\supplyType.ts
FNF:0
FNH:0
DA:1,1
DA:7,1
DA:14,1
LF:3
LH:3
BRDA:15,0,0,1
BRDA:15,0,1,1
BRF:2
BRH:2
end_of_record
TN:
SF:src\models\user.ts
FN:47,(anonymous_1)
FN:75,(anonymous_2)
FN:83,(anonymous_3)
FNF:3
FNH:0
FNDA:0,(anonymous_1)
FNDA:0,(anonymous_2)
FNDA:0,(anonymous_3)
DA:7,1
DA:41,1
DA:48,0
DA:75,0
DA:83,0
DA:115,1
LF:6
LH:3
BRDA:116,0,0,1
BRDA:116,0,1,1
BRF:2
BRH:2
end_of_record
TN:
SF:src\routes\auth\handlers.ts
FN:27,(anonymous_0)
FN:39,loginHandler
FN:56,registerHandler
FN:80,forgotPasswordHandler
FN:97,resetPasswordHandler
FNF:5
FNH:5
FNDA:3,(anonymous_0)
FNDA:1,loginHandler
FNDA:2,registerHandler
FNDA:1,forgotPasswordHandler
FNDA:1,resetPasswordHandler
DA:7,1
DA:26,1
DA:27,1
DA:28,3
DA:31,3
DA:32,0
DA:39,1
DA:43,1
DA:44,1
DA:45,1
DA:46,1
DA:47,1
DA:49,0
DA:56,1
DA:60,2
DA:61,2
DA:62,2
DA:63,2
DA:64,2
DA:65,0
DA:66,0
DA:68,2
DA:69,1
DA:71,1
DA:80,1
DA:84,1
DA:85,1
DA:88,1
DA:89,1
DA:93,0
DA:97,1
DA:101,1
DA:102,1
DA:103,1
DA:104,1
DA:107,0
DA:108,0
DA:110,0
DA:111,0
DA:112,0
DA:116,0
DA:117,0
DA:119,0
DA:121,0
LF:44
LH:30
BRDA:28,0,0,0
BRDA:28,0,1,3
BRDA:31,1,0,0
BRDA:46,2,0,1
BRDA:46,2,1,1
BRDA:64,3,0,0
BRDA:108,4,0,0
BRDA:108,4,1,0
BRDA:108,4,2,0
BRDA:108,4,3,0
BRDA:108,4,4,0
BRF:11
BRH:3
end_of_record
TN:
SF:src\routes\professions\handlers.ts
FN:4,(anonymous_0)
FNF:1
FNH:0
FNDA:0,(anonymous_0)
DA:2,1
DA:4,1
DA:8,0
DA:9,0
LF:4
LH:2
BRF:0
BRH:0
end_of_record
TN:
SF:src\routes\supplyTypes\handlers.ts
FN:8,(anonymous_0)
FN:16,(anonymous_1)
FNF:2
FNH:1
FNDA:0,(anonymous_0)
FNDA:1,(anonymous_1)
DA:2,1
DA:8,1
DA:12,0
DA:13,0
DA:16,1
DA:20,1
DA:21,1
LF:7
LH:5
BRF:0
BRH:0
end_of_record
TN:
SF:src\services\emailService.ts
FN:14,(anonymous_1)
FN:16,(anonymous_2)
FN:28,(anonymous_3)
FN:39,(anonymous_4)
FN:48,(anonymous_5)
FN:60,(anonymous_6)
FNF:6
FNH:1
FNDA:1,(anonymous_1)
FNDA:0,(anonymous_2)
FNDA:0,(anonymous_3)
FNDA:0,(anonymous_4)
FNDA:0,(anonymous_5)
FNDA:0,(anonymous_6)
DA:7,1
DA:8,1
DA:9,1
DA:17,0
DA:18,0
DA:29,0
DA:32,0
DA:39,0
DA:40,0
DA:41,0
DA:43,0
DA:49,0
DA:50,0
DA:51,0
DA:53,0
DA:60,0
DA:61,0
DA:62,0
DA:64,0
DA:70,1
DA:71,1
LF:21
LH:5
BRDA:40,0,0,0
BRDA:40,0,1,0
BRDA:61,1,0,0
BRDA:61,1,1,0
BRF:4
BRH:0
end_of_record
TN:
SF:src\templates\email\passwordReset.ts
FN:1,default_1
FNF:1
FNH:0
FNDA:0,default_1
DA:1,1
DA:2,0
LF:2
LH:1
BRF:0
BRH:0
end_of_record
TN:
SF:src\templates\email\registerConfirm.ts
FN:1,default_1
FNF:1
FNH:0
FNDA:0,default_1
DA:1,1
DA:2,0
LF:2
LH:1
BRF:0
BRH:0
end_of_record
